<?xml version="1.0" encoding="UTF-8" ?>
<testsuite failures="0" time="0.002" errors="0" skipped="0" tests="1" name="com.sheldon.rocking.service.test.PersonTest">
  <properties>
    <property name="java.runtime.name" value="OpenJDK Runtime Environment"/>
    <property name="sun.boot.library.path" value="/Users/sheldonwhite/software/jdk/openjdk6-b16-24_apr_2009-r1/jre/lib/i386"/>
    <property name="java.vm.version" value="11.0-b17"/>
    <property name="java.vm.vendor" value="Sun Microsystems Inc."/>
    <property name="java.vendor.url" value="http://java.sun.com/"/>
    <property name="path.separator" value=":"/>
    <property name="java.vm.name" value="OpenJDK Client VM"/>
    <property name="file.encoding.pkg" value="sun.io"/>
    <property name="user.country" value="US"/>
    <property name="sun.java.launcher" value="SUN_STANDARD"/>
    <property name="sun.os.patch.level" value="unknown"/>
    <property name="java.vm.specification.name" value="Java Virtual Machine Specification"/>
    <property name="user.dir" value="/Users/sheldonwhite/workspaces/spring/SheldonsRockingService"/>
    <property name="java.runtime.version" value="1.6.0-internal-landonf_17_may_2009_13_58-b00"/>
    <property name="java.awt.graphicsenv" value="sun.awt.X11GraphicsEnvironment"/>
    <property name="basedir" value="/Users/sheldonwhite/workspaces/spring/SheldonsRockingService"/>
    <property name="java.endorsed.dirs" value="/Users/sheldonwhite/software/jdk/openjdk6-b16-24_apr_2009-r1/jre/lib/endorsed"/>
    <property name="os.arch" value="i386"/>
    <property name="surefire.real.class.path" value="/Users/sheldonwhite/workspaces/spring/SheldonsRockingService/target/surefire/surefirebooter356864715192203410.jar"/>
    <property name="java.io.tmpdir" value="/var/tmp/"/>
    <property name="line.separator" value="
"/>
    <property name="java.vm.specification.vendor" value="Sun Microsystems Inc."/>
    <property name="os.name" value="Darwin"/>
    <property name="sun.jnu.encoding" value="UTF-8"/>
    <property name="java.library.path" value="/usr/java/packages/lib/i386:/lib:/usr/lib"/>
    <property name="surefire.test.class.path" value="/Users/sheldonwhite/workspaces/spring/SheldonsRockingService/target/test-classes:/Users/sheldonwhite/workspaces/spring/SheldonsRockingService/target/classes:/Users/sheldonwhite/.m2/repository/org/apache/cxf/cxf-rt-frontend-jaxws/2.2.6/cxf-rt-frontend-jaxws-2.2.6.jar:/Users/sheldonwhite/.m2/repository/xml-resolver/xml-resolver/1.2/xml-resolver-1.2.jar:/Users/sheldonwhite/.m2/repository/org/apache/geronimo/specs/geronimo-jaxws_2.1_spec/1.0/geronimo-jaxws_2.1_spec-1.0.jar:/Users/sheldonwhite/.m2/repository/org/apache/geronimo/specs/geronimo-activation_1.1_spec/1.0.2/geronimo-activation_1.1_spec-1.0.2.jar:/Users/sheldonwhite/.m2/repository/org/apache/geronimo/specs/geronimo-ws-metadata_2.0_spec/1.1.2/geronimo-ws-metadata_2.0_spec-1.1.2.jar:/Users/sheldonwhite/.m2/repository/asm/asm/2.2.3/asm-2.2.3.jar:/Users/sheldonwhite/.m2/repository/org/apache/cxf/cxf-api/2.2.6/cxf-api-2.2.6.jar:/Users/sheldonwhite/.m2/repository/org/apache/cxf/cxf-common-utilities/2.2.6/cxf-common-utilities-2.2.6.jar:/Users/sheldonwhite/.m2/repository/org/apache/geronimo/specs/geronimo-stax-api_1.0_spec/1.0.1/geronimo-stax-api_1.0_spec-1.0.1.jar:/Users/sheldonwhite/.m2/repository/wsdl4j/wsdl4j/1.6.2/wsdl4j-1.6.2.jar:/Users/sheldonwhite/.m2/repository/commons-lang/commons-lang/2.4/commons-lang-2.4.jar:/Users/sheldonwhite/.m2/repository/org/apache/ws/commons/schema/XmlSchema/1.4.5/XmlSchema-1.4.5.jar:/Users/sheldonwhite/.m2/repository/org/apache/geronimo/specs/geronimo-annotation_1.0_spec/1.1.1/geronimo-annotation_1.0_spec-1.1.1.jar:/Users/sheldonwhite/.m2/repository/org/codehaus/woodstox/wstx-asl/3.2.9/wstx-asl-3.2.9.jar:/Users/sheldonwhite/.m2/repository/org/apache/neethi/neethi/2.0.4/neethi-2.0.4.jar:/Users/sheldonwhite/.m2/repository/org/apache/cxf/cxf-common-schemas/2.2.6/cxf-common-schemas-2.2.6.jar:/Users/sheldonwhite/.m2/repository/org/apache/cxf/cxf-rt-core/2.2.6/cxf-rt-core-2.2.6.jar:/Users/sheldonwhite/.m2/repository/com/sun/xml/bind/jaxb-impl/2.1.12/jaxb-impl-2.1.12.jar:/Users/sheldonwhite/.m2/repository/org/apache/geronimo/specs/geronimo-javamail_1.4_spec/1.6/geronimo-javamail_1.4_spec-1.6.jar:/Users/sheldonwhite/.m2/repository/org/apache/cxf/cxf-rt-bindings-soap/2.2.6/cxf-rt-bindings-soap-2.2.6.jar:/Users/sheldonwhite/.m2/repository/org/apache/cxf/cxf-tools-common/2.2.6/cxf-tools-common-2.2.6.jar:/Users/sheldonwhite/.m2/repository/org/apache/cxf/cxf-rt-databinding-jaxb/2.2.6/cxf-rt-databinding-jaxb-2.2.6.jar:/Users/sheldonwhite/.m2/repository/javax/xml/bind/jaxb-api/2.1/jaxb-api-2.1.jar:/Users/sheldonwhite/.m2/repository/org/apache/cxf/cxf-rt-bindings-xml/2.2.6/cxf-rt-bindings-xml-2.2.6.jar:/Users/sheldonwhite/.m2/repository/org/apache/cxf/cxf-rt-frontend-simple/2.2.6/cxf-rt-frontend-simple-2.2.6.jar:/Users/sheldonwhite/.m2/repository/org/apache/cxf/cxf-rt-ws-addr/2.2.6/cxf-rt-ws-addr-2.2.6.jar:/Users/sheldonwhite/.m2/repository/javax/xml/soap/saaj-api/1.3/saaj-api-1.3.jar:/Users/sheldonwhite/.m2/repository/com/sun/xml/messaging/saaj/saaj-impl/1.3.2/saaj-impl-1.3.2.jar:/Users/sheldonwhite/.m2/repository/org/apache/cxf/cxf-rt-transports-http/2.2.6/cxf-rt-transports-http-2.2.6.jar:/Users/sheldonwhite/.m2/repository/org/springframework/spring-web/2.5.6/spring-web-2.5.6.jar:/Users/sheldonwhite/.m2/repository/org/jboss/javaee/jboss-jca-api/1.5.0.CR1/jboss-jca-api-1.5.0.CR1.jar:/Users/sheldonwhite/.m2/repository/org/jboss/jboss-common-core/2.2.5.GA/jboss-common-core-2.2.5.GA.jar:/Users/sheldonwhite/.m2/repository/org/jboss/logging/jboss-logging-spi/2.0.5.GA/jboss-logging-spi-2.0.5.GA.jar:/Users/sheldonwhite/.m2/repository/org/springframework/spring-expression/3.0.1.RELEASE/spring-expression-3.0.1.RELEASE.jar:/Users/sheldonwhite/.m2/repository/org/springframework/spring-core/3.0.1.RELEASE/spring-core-3.0.1.RELEASE.jar:/Users/sheldonwhite/.m2/repository/org/springframework/spring-asm/3.0.1.RELEASE/spring-asm-3.0.1.RELEASE.jar:/Users/sheldonwhite/.m2/repository/org/springframework/spring-aop/3.0.1.RELEASE/spring-aop-3.0.1.RELEASE.jar:/Users/sheldonwhite/.m2/repository/aopalliance/aopalliance/1.0/aopalliance-1.0.jar:/Users/sheldonwhite/.m2/repository/org/springframework/spring-tx/3.0.1.RELEASE/spring-tx-3.0.1.RELEASE.jar:/Users/sheldonwhite/.m2/repository/org/springframework/spring-test/3.0.1.RELEASE/spring-test-3.0.1.RELEASE.jar:/Users/sheldonwhite/.m2/repository/org/springframework/spring-jdbc/3.0.1.RELEASE/spring-jdbc-3.0.1.RELEASE.jar:/Users/sheldonwhite/.m2/repository/org/springframework/spring-context/3.0.1.RELEASE/spring-context-3.0.1.RELEASE.jar:/Users/sheldonwhite/.m2/repository/org/springframework/spring-beans/3.0.1.RELEASE/spring-beans-3.0.1.RELEASE.jar:/Users/sheldonwhite/.m2/repository/org/springframework/spring-instrument/3.0.1.RELEASE/spring-instrument-3.0.1.RELEASE.jar:/Users/sheldonwhite/.m2/repository/org/springframework/spring-aspects/3.0.1.RELEASE/spring-aspects-3.0.1.RELEASE.jar:/Users/sheldonwhite/.m2/repository/org/springframework/spring-orm/3.0.1.RELEASE/spring-orm-3.0.1.RELEASE.jar:/Users/sheldonwhite/.m2/repository/javax/persistence/persistence-api/1.0/persistence-api-1.0.jar:/Users/sheldonwhite/.m2/repository/mysql/mysql-connector-java/5.1.1/mysql-connector-java-5.1.1.jar:/Users/sheldonwhite/.m2/repository/org/hibernate/hibernate-entitymanager/3.4.0.GA/hibernate-entitymanager-3.4.0.GA.jar:/Users/sheldonwhite/.m2/repository/org/hibernate/ejb3-persistence/1.0.2.GA/ejb3-persistence-1.0.2.GA.jar:/Users/sheldonwhite/.m2/repository/org/hibernate/hibernate-commons-annotations/3.1.0.GA/hibernate-commons-annotations-3.1.0.GA.jar:/Users/sheldonwhite/.m2/repository/org/hibernate/hibernate-annotations/3.4.0.GA/hibernate-annotations-3.4.0.GA.jar:/Users/sheldonwhite/.m2/repository/org/hibernate/hibernate-core/3.3.0.SP1/hibernate-core-3.3.0.SP1.jar:/Users/sheldonwhite/.m2/repository/antlr/antlr/2.7.6/antlr-2.7.6.jar:/Users/sheldonwhite/.m2/repository/commons-collections/commons-collections/3.1/commons-collections-3.1.jar:/Users/sheldonwhite/.m2/repository/dom4j/dom4j/1.6.1/dom4j-1.6.1.jar:/Users/sheldonwhite/.m2/repository/xml-apis/xml-apis/1.0.b2/xml-apis-1.0.b2.jar:/Users/sheldonwhite/.m2/repository/javax/transaction/jta/1.1/jta-1.1.jar:/Users/sheldonwhite/.m2/repository/javassist/javassist/3.4.GA/javassist-3.4.GA.jar:/Users/sheldonwhite/.m2/repository/org/aspectj/aspectjrt/1.6.8/aspectjrt-1.6.8.jar:/Users/sheldonwhite/.m2/repository/org/aspectj/aspectjweaver/1.6.8/aspectjweaver-1.6.8.jar:/Users/sheldonwhite/.m2/repository/commons-logging/commons-logging/1.1.1/commons-logging-1.1.1.jar:/Users/sheldonwhite/.m2/repository/org/slf4j/slf4j-jdk14/1.6.2/slf4j-jdk14-1.6.2.jar:/Users/sheldonwhite/.m2/repository/org/slf4j/slf4j-api/1.6.2/slf4j-api-1.6.2.jar:/Users/sheldonwhite/.m2/repository/junit/junit/4.5/junit-4.5.jar:"/>
    <property name="java.specification.name" value="Java Platform API Specification"/>
    <property name="java.class.version" value="50.0"/>
    <property name="sun.management.compiler" value="HotSpot Client Compiler"/>
    <property name="os.version" value="10.8.0"/>
    <property name="user.home" value="/Users/sheldonwhite"/>
    <property name="user.timezone" value=""/>
    <property name="java.awt.printerjob" value="sun.print.PSPrinterJob"/>
    <property name="file.encoding" value="UTF-8"/>
    <property name="java.specification.version" value="1.6"/>
    <property name="user.name" value="sheldonwhite"/>
    <property name="java.class.path" value="/Users/sheldonwhite/workspaces/spring/SheldonsRockingService/target/test-classes:/Users/sheldonwhite/workspaces/spring/SheldonsRockingService/target/classes:/Users/sheldonwhite/.m2/repository/org/apache/cxf/cxf-rt-frontend-jaxws/2.2.6/cxf-rt-frontend-jaxws-2.2.6.jar:/Users/sheldonwhite/.m2/repository/xml-resolver/xml-resolver/1.2/xml-resolver-1.2.jar:/Users/sheldonwhite/.m2/repository/org/apache/geronimo/specs/geronimo-jaxws_2.1_spec/1.0/geronimo-jaxws_2.1_spec-1.0.jar:/Users/sheldonwhite/.m2/repository/org/apache/geronimo/specs/geronimo-activation_1.1_spec/1.0.2/geronimo-activation_1.1_spec-1.0.2.jar:/Users/sheldonwhite/.m2/repository/org/apache/geronimo/specs/geronimo-ws-metadata_2.0_spec/1.1.2/geronimo-ws-metadata_2.0_spec-1.1.2.jar:/Users/sheldonwhite/.m2/repository/asm/asm/2.2.3/asm-2.2.3.jar:/Users/sheldonwhite/.m2/repository/org/apache/cxf/cxf-api/2.2.6/cxf-api-2.2.6.jar:/Users/sheldonwhite/.m2/repository/org/apache/cxf/cxf-common-utilities/2.2.6/cxf-common-utilities-2.2.6.jar:/Users/sheldonwhite/.m2/repository/org/apache/geronimo/specs/geronimo-stax-api_1.0_spec/1.0.1/geronimo-stax-api_1.0_spec-1.0.1.jar:/Users/sheldonwhite/.m2/repository/wsdl4j/wsdl4j/1.6.2/wsdl4j-1.6.2.jar:/Users/sheldonwhite/.m2/repository/commons-lang/commons-lang/2.4/commons-lang-2.4.jar:/Users/sheldonwhite/.m2/repository/org/apache/ws/commons/schema/XmlSchema/1.4.5/XmlSchema-1.4.5.jar:/Users/sheldonwhite/.m2/repository/org/apache/geronimo/specs/geronimo-annotation_1.0_spec/1.1.1/geronimo-annotation_1.0_spec-1.1.1.jar:/Users/sheldonwhite/.m2/repository/org/codehaus/woodstox/wstx-asl/3.2.9/wstx-asl-3.2.9.jar:/Users/sheldonwhite/.m2/repository/org/apache/neethi/neethi/2.0.4/neethi-2.0.4.jar:/Users/sheldonwhite/.m2/repository/org/apache/cxf/cxf-common-schemas/2.2.6/cxf-common-schemas-2.2.6.jar:/Users/sheldonwhite/.m2/repository/org/apache/cxf/cxf-rt-core/2.2.6/cxf-rt-core-2.2.6.jar:/Users/sheldonwhite/.m2/repository/com/sun/xml/bind/jaxb-impl/2.1.12/jaxb-impl-2.1.12.jar:/Users/sheldonwhite/.m2/repository/org/apache/geronimo/specs/geronimo-javamail_1.4_spec/1.6/geronimo-javamail_1.4_spec-1.6.jar:/Users/sheldonwhite/.m2/repository/org/apache/cxf/cxf-rt-bindings-soap/2.2.6/cxf-rt-bindings-soap-2.2.6.jar:/Users/sheldonwhite/.m2/repository/org/apache/cxf/cxf-tools-common/2.2.6/cxf-tools-common-2.2.6.jar:/Users/sheldonwhite/.m2/repository/org/apache/cxf/cxf-rt-databinding-jaxb/2.2.6/cxf-rt-databinding-jaxb-2.2.6.jar:/Users/sheldonwhite/.m2/repository/javax/xml/bind/jaxb-api/2.1/jaxb-api-2.1.jar:/Users/sheldonwhite/.m2/repository/org/apache/cxf/cxf-rt-bindings-xml/2.2.6/cxf-rt-bindings-xml-2.2.6.jar:/Users/sheldonwhite/.m2/repository/org/apache/cxf/cxf-rt-frontend-simple/2.2.6/cxf-rt-frontend-simple-2.2.6.jar:/Users/sheldonwhite/.m2/repository/org/apache/cxf/cxf-rt-ws-addr/2.2.6/cxf-rt-ws-addr-2.2.6.jar:/Users/sheldonwhite/.m2/repository/javax/xml/soap/saaj-api/1.3/saaj-api-1.3.jar:/Users/sheldonwhite/.m2/repository/com/sun/xml/messaging/saaj/saaj-impl/1.3.2/saaj-impl-1.3.2.jar:/Users/sheldonwhite/.m2/repository/org/apache/cxf/cxf-rt-transports-http/2.2.6/cxf-rt-transports-http-2.2.6.jar:/Users/sheldonwhite/.m2/repository/org/springframework/spring-web/2.5.6/spring-web-2.5.6.jar:/Users/sheldonwhite/.m2/repository/org/jboss/javaee/jboss-jca-api/1.5.0.CR1/jboss-jca-api-1.5.0.CR1.jar:/Users/sheldonwhite/.m2/repository/org/jboss/jboss-common-core/2.2.5.GA/jboss-common-core-2.2.5.GA.jar:/Users/sheldonwhite/.m2/repository/org/jboss/logging/jboss-logging-spi/2.0.5.GA/jboss-logging-spi-2.0.5.GA.jar:/Users/sheldonwhite/.m2/repository/org/springframework/spring-expression/3.0.1.RELEASE/spring-expression-3.0.1.RELEASE.jar:/Users/sheldonwhite/.m2/repository/org/springframework/spring-core/3.0.1.RELEASE/spring-core-3.0.1.RELEASE.jar:/Users/sheldonwhite/.m2/repository/org/springframework/spring-asm/3.0.1.RELEASE/spring-asm-3.0.1.RELEASE.jar:/Users/sheldonwhite/.m2/repository/org/springframework/spring-aop/3.0.1.RELEASE/spring-aop-3.0.1.RELEASE.jar:/Users/sheldonwhite/.m2/repository/aopalliance/aopalliance/1.0/aopalliance-1.0.jar:/Users/sheldonwhite/.m2/repository/org/springframework/spring-tx/3.0.1.RELEASE/spring-tx-3.0.1.RELEASE.jar:/Users/sheldonwhite/.m2/repository/org/springframework/spring-test/3.0.1.RELEASE/spring-test-3.0.1.RELEASE.jar:/Users/sheldonwhite/.m2/repository/org/springframework/spring-jdbc/3.0.1.RELEASE/spring-jdbc-3.0.1.RELEASE.jar:/Users/sheldonwhite/.m2/repository/org/springframework/spring-context/3.0.1.RELEASE/spring-context-3.0.1.RELEASE.jar:/Users/sheldonwhite/.m2/repository/org/springframework/spring-beans/3.0.1.RELEASE/spring-beans-3.0.1.RELEASE.jar:/Users/sheldonwhite/.m2/repository/org/springframework/spring-instrument/3.0.1.RELEASE/spring-instrument-3.0.1.RELEASE.jar:/Users/sheldonwhite/.m2/repository/org/springframework/spring-aspects/3.0.1.RELEASE/spring-aspects-3.0.1.RELEASE.jar:/Users/sheldonwhite/.m2/repository/org/springframework/spring-orm/3.0.1.RELEASE/spring-orm-3.0.1.RELEASE.jar:/Users/sheldonwhite/.m2/repository/javax/persistence/persistence-api/1.0/persistence-api-1.0.jar:/Users/sheldonwhite/.m2/repository/mysql/mysql-connector-java/5.1.1/mysql-connector-java-5.1.1.jar:/Users/sheldonwhite/.m2/repository/org/hibernate/hibernate-entitymanager/3.4.0.GA/hibernate-entitymanager-3.4.0.GA.jar:/Users/sheldonwhite/.m2/repository/org/hibernate/ejb3-persistence/1.0.2.GA/ejb3-persistence-1.0.2.GA.jar:/Users/sheldonwhite/.m2/repository/org/hibernate/hibernate-commons-annotations/3.1.0.GA/hibernate-commons-annotations-3.1.0.GA.jar:/Users/sheldonwhite/.m2/repository/org/hibernate/hibernate-annotations/3.4.0.GA/hibernate-annotations-3.4.0.GA.jar:/Users/sheldonwhite/.m2/repository/org/hibernate/hibernate-core/3.3.0.SP1/hibernate-core-3.3.0.SP1.jar:/Users/sheldonwhite/.m2/repository/antlr/antlr/2.7.6/antlr-2.7.6.jar:/Users/sheldonwhite/.m2/repository/commons-collections/commons-collections/3.1/commons-collections-3.1.jar:/Users/sheldonwhite/.m2/repository/dom4j/dom4j/1.6.1/dom4j-1.6.1.jar:/Users/sheldonwhite/.m2/repository/xml-apis/xml-apis/1.0.b2/xml-apis-1.0.b2.jar:/Users/sheldonwhite/.m2/repository/javax/transaction/jta/1.1/jta-1.1.jar:/Users/sheldonwhite/.m2/repository/javassist/javassist/3.4.GA/javassist-3.4.GA.jar:/Users/sheldonwhite/.m2/repository/org/aspectj/aspectjrt/1.6.8/aspectjrt-1.6.8.jar:/Users/sheldonwhite/.m2/repository/org/aspectj/aspectjweaver/1.6.8/aspectjweaver-1.6.8.jar:/Users/sheldonwhite/.m2/repository/commons-logging/commons-logging/1.1.1/commons-logging-1.1.1.jar:/Users/sheldonwhite/.m2/repository/org/slf4j/slf4j-jdk14/1.6.2/slf4j-jdk14-1.6.2.jar:/Users/sheldonwhite/.m2/repository/org/slf4j/slf4j-api/1.6.2/slf4j-api-1.6.2.jar:/Users/sheldonwhite/.m2/repository/junit/junit/4.5/junit-4.5.jar:"/>
    <property name="java.vm.specification.version" value="1.0"/>
    <property name="sun.arch.data.model" value="32"/>
    <property name="java.home" value="/Users/sheldonwhite/software/jdk/openjdk6-b16-24_apr_2009-r1/jre"/>
    <property name="java.specification.vendor" value="Sun Microsystems Inc."/>
    <property name="user.language" value="en"/>
    <property name="java.vm.info" value="mixed mode"/>
    <property name="java.version" value="1.6.0-internal"/>
    <property name="java.ext.dirs" value="/Users/sheldonwhite/software/jdk/openjdk6-b16-24_apr_2009-r1/jre/lib/ext:/usr/java/packages/lib/ext"/>
    <property name="sun.boot.class.path" value="/Users/sheldonwhite/software/jdk/openjdk6-b16-24_apr_2009-r1/jre/lib/resources.jar:/Users/sheldonwhite/software/jdk/openjdk6-b16-24_apr_2009-r1/jre/lib/rt.jar:/Users/sheldonwhite/software/jdk/openjdk6-b16-24_apr_2009-r1/jre/lib/sunrsasign.jar:/Users/sheldonwhite/software/jdk/openjdk6-b16-24_apr_2009-r1/jre/lib/jsse.jar:/Users/sheldonwhite/software/jdk/openjdk6-b16-24_apr_2009-r1/jre/lib/jce.jar:/Users/sheldonwhite/software/jdk/openjdk6-b16-24_apr_2009-r1/jre/lib/charsets.jar:/Users/sheldonwhite/software/jdk/openjdk6-b16-24_apr_2009-r1/jre/classes"/>
    <property name="java.vendor" value="Sun Microsystems Inc."/>
    <property name="localRepository" value="/Users/sheldonwhite/.m2/repository"/>
    <property name="file.separator" value="/"/>
    <property name="java.vendor.url.bug" value="http://java.sun.com/cgi-bin/bugreport.cgi"/>
    <property name="sun.cpu.endian" value="little"/>
    <property name="sun.io.unicode.encoding" value="UnicodeBig"/>
    <property name="sun.cpu.isalist" value=""/>
  </properties>
  <testcase time="0" classname="com.sheldon.rocking.service.test.PersonTest" name="testPerson"/>
</testsuite>